<?xml version="1.0" encoding="UTF-8"?>
<testsuite xmlns:xsi="http://www.w3.org/2001/XMLSchema-instance" xsi:noNamespaceSchemaLocation="https://maven.apache.org/surefire/maven-surefire-plugin/xsd/surefire-test-report-3.0.xsd" version="3.0" name="com.library.AppTest" time="0.064" tests="1" errors="0" skipped="0" failures="0">
  <properties>
    <property name="java.specification.version" value="21"/>
    <property name="sun.cpu.isalist" value="amd64"/>
    <property name="sun.jnu.encoding" value="Cp1252"/>
    <property name="java.class.path" value="C:\Users\Akancha\Projects_Main\Digital-Nurture-4.0-JavaFSE\Week_3_Spring\LibraryManagement_exercise4\target\test-classes;C:\Users\Akancha\Projects_Main\Digital-Nurture-4.0-JavaFSE\Week_3_Spring\LibraryManagement_exercise4\target\classes;C:\Users\Akancha\.m2\repository\org\springframework\spring-context\5.3.32\spring-context-5.3.32.jar;C:\Users\Akancha\.m2\repository\org\springframework\spring-beans\5.3.32\spring-beans-5.3.32.jar;C:\Users\Akancha\.m2\repository\org\springframework\spring-core\5.3.32\spring-core-5.3.32.jar;C:\Users\Akancha\.m2\repository\org\springframework\spring-jcl\5.3.32\spring-jcl-5.3.32.jar;C:\Users\Akancha\.m2\repository\org\springframework\spring-expression\5.3.32\spring-expression-5.3.32.jar;C:\Users\Akancha\.m2\repository\org\springframework\spring-aop\5.3.32\spring-aop-5.3.32.jar;C:\Users\Akancha\.m2\repository\org\springframework\spring-webmvc\5.3.32\spring-webmvc-5.3.32.jar;C:\Users\Akancha\.m2\repository\org\springframework\spring-web\5.3.32\spring-web-5.3.32.jar;C:\Users\Akancha\.m2\repository\junit\junit\4.13.2\junit-4.13.2.jar;C:\Users\Akancha\.m2\repository\org\hamcrest\hamcrest-core\1.3\hamcrest-core-1.3.jar;"/>
    <property name="java.vm.vendor" value="Oracle Corporation"/>
    <property name="sun.arch.data.model" value="64"/>
    <property name="user.variant" value=""/>
    <property name="java.vendor.url" value="https://java.oracle.com/"/>
    <property name="user.timezone" value="Asia/Calcutta"/>
    <property name="os.name" value="Windows 11"/>
    <property name="java.vm.specification.version" value="21"/>
    <property name="sun.java.launcher" value="SUN_STANDARD"/>
    <property name="user.country" value="IN"/>
    <property name="sun.boot.library.path" value="C:\Program Files\Java\jdk-21\bin"/>
    <property name="sun.java.command" value="C:\Users\Akancha\AppData\Local\Temp\surefire12465156009934858500\surefirebooter-20250705204805621_3.jar C:\Users\Akancha\AppData\Local\Temp\surefire12465156009934858500 2025-07-05T20-48-05_423-jvmRun1 surefire-20250705204805621_1tmp surefire_0-20250705204805621_2tmp"/>
    <property name="jdk.debug" value="release"/>
    <property name="surefire.test.class.path" value="C:\Users\Akancha\Projects_Main\Digital-Nurture-4.0-JavaFSE\Week_3_Spring\LibraryManagement_exercise4\target\test-classes;C:\Users\Akancha\Projects_Main\Digital-Nurture-4.0-JavaFSE\Week_3_Spring\LibraryManagement_exercise4\target\classes;C:\Users\Akancha\.m2\repository\org\springframework\spring-context\5.3.32\spring-context-5.3.32.jar;C:\Users\Akancha\.m2\repository\org\springframework\spring-beans\5.3.32\spring-beans-5.3.32.jar;C:\Users\Akancha\.m2\repository\org\springframework\spring-core\5.3.32\spring-core-5.3.32.jar;C:\Users\Akancha\.m2\repository\org\springframework\spring-jcl\5.3.32\spring-jcl-5.3.32.jar;C:\Users\Akancha\.m2\repository\org\springframework\spring-expression\5.3.32\spring-expression-5.3.32.jar;C:\Users\Akancha\.m2\repository\org\springframework\spring-aop\5.3.32\spring-aop-5.3.32.jar;C:\Users\Akancha\.m2\repository\org\springframework\spring-webmvc\5.3.32\spring-webmvc-5.3.32.jar;C:\Users\Akancha\.m2\repository\org\springframework\spring-web\5.3.32\spring-web-5.3.32.jar;C:\Users\Akancha\.m2\repository\junit\junit\4.13.2\junit-4.13.2.jar;C:\Users\Akancha\.m2\repository\org\hamcrest\hamcrest-core\1.3\hamcrest-core-1.3.jar;"/>
    <property name="sun.cpu.endian" value="little"/>
    <property name="user.home" value="C:\Users\Akancha"/>
    <property name="user.language" value="en"/>
    <property name="java.specification.vendor" value="Oracle Corporation"/>
    <property name="java.version.date" value="2023-10-17"/>
    <property name="java.home" value="C:\Program Files\Java\jdk-21"/>
    <property name="file.separator" value="\"/>
    <property name="basedir" value="C:\Users\Akancha\Projects_Main\Digital-Nurture-4.0-JavaFSE\Week_3_Spring\LibraryManagement_exercise4"/>
    <property name="java.vm.compressedOopsMode" value="32-bit"/>
    <property name="line.separator" value="&#10;"/>
    <property name="java.vm.specification.vendor" value="Oracle Corporation"/>
    <property name="java.specification.name" value="Java Platform API Specification"/>
    <property name="surefire.real.class.path" value="C:\Users\Akancha\AppData\Local\Temp\surefire12465156009934858500\surefirebooter-20250705204805621_3.jar"/>
    <property name="user.script" value=""/>
    <property name="sun.management.compiler" value="HotSpot 64-Bit Tiered Compilers"/>
    <property name="java.runtime.version" value="21.0.1+12-LTS-29"/>
    <property name="user.name" value="Akancha"/>
    <property name="stdout.encoding" value="Cp1252"/>
    <property name="path.separator" value=";"/>
    <property name="os.version" value="10.0"/>
    <property name="java.runtime.name" value="Java(TM) SE Runtime Environment"/>
    <property name="file.encoding" value="UTF-8"/>
    <property name="java.vm.name" value="Java HotSpot(TM) 64-Bit Server VM"/>
    <property name="localRepository" value="C:\Users\Akancha\.m2\repository"/>
    <property name="java.vendor.url.bug" value="https://bugreport.java.com/bugreport/"/>
    <property name="java.io.tmpdir" value="C:\Users\Akancha\AppData\Local\Temp\"/>
    <property name="java.version" value="21.0.1"/>
    <property name="user.dir" value="C:\Users\Akancha\Projects_Main\Digital-Nurture-4.0-JavaFSE\Week_3_Spring\LibraryManagement_exercise4"/>
    <property name="os.arch" value="amd64"/>
    <property name="java.vm.specification.name" value="Java Virtual Machine Specification"/>
    <property name="sun.os.patch.level" value=""/>
    <property name="native.encoding" value="Cp1252"/>
    <property name="java.library.path" value="C:\Program Files\Java\jdk-21\bin;C:\WINDOWS\Sun\Java\bin;C:\WINDOWS\system32;C:\WINDOWS;C:\Program Files\WindowsApps\Microsoft.PowerShell_7.5.2.0_x64__8wekyb3d8bbwe;C:\Program Files\Common Files\Oracle\Java\javapath;C:\Program Files\Python312\Scripts\;C:\Program Files\Python312\;C:\Windows\system32;C:\Windows;C:\Windows\System32\Wbem;C:\MinGW\bin;C:\Program Files\dotnet\;C:\WINDOWS\system32;C:\WINDOWS;C:\WINDOWS\System32\Wbem;C:\WINDOWS\System32\WindowsPowerShell\v1.0\;C:\WINDOWS\System32\OpenSSH\;C:\Program Files\Java\jdk-21\bin;C:\Program Files\MySQL\MySQL Server 8.0\bin;C:\Program Files\Git\cmd;C:\Users\Akancha\AppData\Roaming\Python\Python312\scripts\;C:\Program Files\nodejs\;C:\ProgramData\chocolatey\bin;C:\hadoop\bin;C:\Program Files\apache-maven-3.9.10\bin;C:\Users\Akancha\AppData\Local\Programs\Python\Python311\Scripts\;C:\Users\Akancha\AppData\Local\Programs\Python\Python311\;C:\Program Files\MySQL\MySQL Shell 8.0\bin\;C:\Users\Akancha\AppData\Local\Microsoft\WindowsApps;C:\Users\Akancha\AppData\Local\Programs\Microsoft VS Code\bin;C:\MinGW\bin;C:\msys64\mingw64\bin;C:\ProgramData\Microsoft\Windows\Start Menu\Programs;C:\Users\Akancha\Documents\Python Scripts;C:\Users\Akancha\AppData\Roaming\npm;;."/>
    <property name="java.vm.info" value="mixed mode, sharing"/>
    <property name="stderr.encoding" value="Cp1252"/>
    <property name="java.vendor" value="Oracle Corporation"/>
    <property name="java.vm.version" value="21.0.1+12-LTS-29"/>
    <property name="sun.io.unicode.encoding" value="UnicodeLittle"/>
    <property name="java.class.version" value="65.0"/>
  </properties>
  <testcase name="shouldAnswerWithTrue" classname="com.library.AppTest" time="0.005"/>
</testsuite>